[debug] [2023-06-27T06:12:28.673Z] ----------------------------------------------------------------------
[debug] [2023-06-27T06:12:28.684Z] Command:       C:\Program Files\nodejs\node.exe C:\Program Files\nodejs\node_modules\firebase-tools\lib\bin\firebase.js init
[debug] [2023-06-27T06:12:28.685Z] CLI Version:   12.3.1
[debug] [2023-06-27T06:12:28.686Z] Platform:      win32
[debug] [2023-06-27T06:12:28.686Z] Node Version:  v16.13.0
[debug] [2023-06-27T06:12:28.713Z] Time:          Tue Jun 27 2023 11:42:28 GMT+0530 (India Standard Time)
[debug] [2023-06-27T06:12:28.714Z] ----------------------------------------------------------------------
[debug] 
[debug] [2023-06-27T06:12:37.089Z] > command requires scopes: ["email","openid","https://www.googleapis.com/auth/cloudplatformprojects.readonly","https://www.googleapis.com/auth/firebase","https://www.googleapis.com/auth/cloud-platform"]
[debug] [2023-06-27T06:12:37.091Z] > authorizing via signed-in user (prachitiwana@gmail.com)
[info] 
     ######## #### ########  ######## ########     ###     ######  ########
     ##        ##  ##     ## ##       ##     ##  ##   ##  ##       ##
     ######    ##  ########  ######   ########  #########  ######  ######
     ##        ##  ##    ##  ##       ##     ## ##     ##       ## ##
     ##       #### ##     ## ######## ########  ##     ##  ######  ########

You're about to initialize a Firebase project in this directory:

  E:\New folder\planner-app - Copy

Before we get started, keep in mind:

  * You are initializing within an existing Firebase project directory

